2025-07-13 23:30:23,353 - root - INFO - Default configuration created at .\config.json
2025-07-13 23:30:23,370 - root - INFO - PyAutoGUI failsafe disabled
2025-07-13 23:30:23,370 - root - INFO - No previous state found, starting fresh
2025-07-13 23:30:23,370 - root - INFO - 
==================================================
Mode: IDLE
2025-07-13 23:30:23,555 - root - INFO - Weather Activity Score: 7.5 (based on 1 warnings)
2025-07-13 23:30:23,556 - root - INFO - --> Warnings are present. Switching to WARNINGS mode.
2025-07-13 23:30:23,563 - root - INFO - Showing warning 1/1: Severe Thunderstorm Warning
2025-07-13 23:30:26,172 - root - INFO - ALERT: Processing warning for 'Liberty County, MT'
2025-07-13 23:30:29,229 - root - INFO - SUCCESS: Window focused by clicking offset point.
2025-07-13 23:30:30,752 - root - INFO - 
>>> ACTION: Navigating to 'Liberty County, MT'
2025-07-13 23:30:36,398 - root - INFO - SUCCESS: Window focused by clicking offset point.
2025-07-13 23:30:52,143 - root - INFO - SUCCESS: Search executed.
2025-07-13 23:30:53,174 - root - INFO - SUCCESS: Window focused by clicking offset point.
2025-07-13 23:30:53,175 - root - INFO - ...Zooming out 2 step(s)
2025-07-13 23:30:55,204 - root - INFO - SUCCESS: Zoom applied.
2025-07-13 23:30:55,205 - root - INFO - ...Toggling radar playback.
2025-07-13 23:30:58,342 - root - INFO - ...Cursor parked.
2025-07-13 23:30:58,876 - root - INFO - Showing current conditions for Miles City, MT during warning
2025-07-13 23:30:58,876 - root - INFO - Completed full warning cycle, restarting from beginning
2025-07-13 23:31:08,986 - root - INFO - 
==================================================
Mode: WARNINGS
2025-07-13 23:31:09,205 - root - INFO - Weather Activity Score: 7.5 (based on 1 warnings)
2025-07-13 23:31:19,222 - root - INFO - 
==================================================
Mode: WARNINGS
2025-07-13 23:31:19,320 - root - INFO - Weather Activity Score: 7.5 (based on 1 warnings)
2025-07-13 23:31:29,324 - root - INFO - 
==================================================
Mode: WARNINGS
2025-07-13 23:31:29,549 - root - INFO - Weather Activity Score: 7.5 (based on 1 warnings)
2025-07-13 23:31:29,549 - root - INFO - Showing warning 1/1: Severe Thunderstorm Warning
2025-07-13 23:31:29,997 - root - INFO - ALERT: Processing warning for 'Liberty County, MT'
2025-07-13 23:31:31,030 - root - INFO - SUCCESS: Window focused by clicking offset point.
2025-07-13 23:31:32,553 - root - INFO - 
>>> ACTION: Navigating to 'Liberty County, MT'
2025-07-13 23:31:35,366 - root - INFO - SUCCESS: Window focused by clicking offset point.
2025-07-13 23:31:36,046 - root - INFO - 
Received exit signal 2...
2025-07-13 23:31:36,046 - root - INFO - Shutting down...
2025-07-13 23:31:37,472 - root - INFO - ...Cursor parked.
2025-07-13 23:31:37,472 - root - INFO - Shutting down...
2025-07-13 23:32:14,126 - root - INFO - Configuration loaded from .\config.json
2025-07-13 23:32:14,140 - root - INFO - PyAutoGUI failsafe disabled
2025-07-13 23:32:14,148 - root - INFO - Previous state loaded
2025-07-13 23:32:14,148 - root - INFO - 
==================================================
Mode: WARNINGS
2025-07-13 23:32:14,327 - root - INFO - Weather Activity Score: 7.5 (based on 1 warnings)
2025-07-13 23:32:14,327 - root - INFO - Showing warning 1/1: Severe Thunderstorm Warning
2025-07-13 23:32:14,634 - root - INFO - ALERT: Processing warning for 'Liberty County, MT'
2025-07-13 23:32:17,669 - root - INFO - SUCCESS: Window focused by clicking offset point.
2025-07-13 23:32:19,191 - root - INFO - 
>>> ACTION: Navigating to 'Liberty County, MT'
2025-07-13 23:32:21,744 - root - INFO - SUCCESS: Window focused by clicking offset point.
2025-07-13 23:32:34,712 - root - INFO - SUCCESS: Search executed.
2025-07-13 23:32:35,749 - root - INFO - SUCCESS: Window focused by clicking offset point.
2025-07-13 23:32:35,750 - root - INFO - ...Zooming out 2 step(s)
2025-07-13 23:32:37,779 - root - INFO - SUCCESS: Zoom applied.
2025-07-13 23:32:37,779 - root - INFO - ...Toggling radar playback.
2025-07-13 23:32:40,192 - root - INFO - ...Cursor parked.
2025-07-13 23:32:40,642 - root - INFO - Showing current conditions for Helena, MT during warning
2025-07-13 23:32:40,642 - root - INFO - Completed full warning cycle, restarting from beginning
2025-07-13 23:32:50,652 - root - INFO - 
==================================================
Mode: WARNINGS
2025-07-13 23:32:50,830 - root - INFO - Weather Activity Score: 7.5 (based on 1 warnings)
2025-07-13 23:33:00,832 - root - INFO - 
==================================================
Mode: WARNINGS
2025-07-13 23:33:01,040 - root - INFO - Weather Activity Score: 7.5 (based on 1 warnings)
2025-07-13 23:33:11,043 - root - INFO - 
==================================================
Mode: WARNINGS
2025-07-13 23:33:11,170 - root - INFO - Weather Activity Score: 7.5 (based on 1 warnings)
2025-07-13 23:33:11,171 - root - INFO - Showing warning 1/1: Severe Thunderstorm Warning
2025-07-13 23:33:11,447 - root - INFO - ALERT: Processing warning for 'Liberty County, MT'
2025-07-13 23:33:12,474 - root - INFO - SUCCESS: Window focused by clicking offset point.
2025-07-13 23:33:14,159 - root - INFO - 
>>> ACTION: Navigating to 'Liberty County, MT'
2025-07-13 23:33:16,715 - root - INFO - SUCCESS: Window focused by clicking offset point.
2025-07-13 23:33:29,438 - root - INFO - SUCCESS: Search executed.
2025-07-13 23:33:30,468 - root - INFO - SUCCESS: Window focused by clicking offset point.
2025-07-13 23:33:30,469 - root - INFO - ...Zooming out 2 step(s)
2025-07-13 23:33:32,498 - root - INFO - SUCCESS: Zoom applied.
2025-07-13 23:33:32,498 - root - INFO - ...Toggling radar playback.
2025-07-13 23:33:34,896 - root - INFO - ...Cursor parked.
2025-07-13 23:33:35,355 - root - INFO - Showing current conditions for Anaconda, MT during warning
2025-07-13 23:33:35,356 - root - INFO - Completed full warning cycle, restarting from beginning
2025-07-13 23:33:41,493 - root - INFO - 
Received exit signal 2...
2025-07-13 23:33:41,493 - root - INFO - Shutting down...
2025-07-13 23:33:41,498 - root - INFO - Shutting down...
2025-07-13 23:43:37,188 - root - INFO - Configuration loaded from .\config.json
2025-07-13 23:43:37,208 - root - INFO - PyAutoGUI failsafe disabled
2025-07-13 23:43:37,208 - root - INFO - No previous state found, starting fresh
2025-07-13 23:43:37,208 - root - INFO - 
==================================================
Mode: IDLE
2025-07-13 23:43:37,387 - root - INFO - Weather Activity Score: 7.5 (based on 1 warnings)
2025-07-13 23:43:37,388 - root - INFO - --> Warnings are present. Switching to WARNINGS mode.
2025-07-13 23:43:37,389 - root - INFO - Showing warning 1/1: Severe Thunderstorm Warning
2025-07-13 23:43:37,871 - root - INFO - ALERT: Processing warning for 'Liberty County, MT'
2025-07-13 23:43:40,912 - root - INFO - SUCCESS: Window focused by clicking offset point.
2025-07-13 23:43:42,435 - root - INFO - 
>>> ACTION: Navigating to 'Liberty County, MT'
2025-07-13 23:43:45,005 - root - INFO - SUCCESS: Window focused by clicking offset point.
2025-07-13 23:43:57,769 - root - INFO - SUCCESS: Search executed.
2025-07-13 23:43:58,800 - root - INFO - SUCCESS: Window focused by clicking offset point.
2025-07-13 23:43:58,800 - root - INFO - ...Zooming out 2 step(s)
2025-07-13 23:44:00,829 - root - INFO - SUCCESS: Zoom applied.
2025-07-13 23:44:00,830 - root - INFO - ...Toggling radar playback.
2025-07-13 23:44:03,229 - root - INFO - ...Cursor parked.
2025-07-13 23:44:03,655 - root - INFO - Showing current conditions for Belgrade, MT during warning
2025-07-13 23:44:03,657 - root - INFO - Completed full warning cycle, restarting from beginning
2025-07-13 23:44:13,669 - root - INFO - 
==================================================
Mode: WARNINGS
2025-07-13 23:44:13,849 - root - INFO - Weather Activity Score: 7.5 (based on 1 warnings)
2025-07-13 23:44:23,864 - root - INFO - 
==================================================
Mode: WARNINGS
2025-07-13 23:44:23,976 - root - INFO - Weather Activity Score: 7.5 (based on 1 warnings)
2025-07-13 23:44:26,611 - root - INFO - 
Received exit signal 2...
2025-07-13 23:44:26,611 - root - INFO - Shutting down...
2025-07-13 23:44:26,619 - root - INFO - Shutting down...
